<?xml version="1.0" encoding="UTF-8"?>
<testsuite name="is.deltazedacreed.tictactoe.WorldTest" tests="1" skipped="0" failures="0" errors="0" timestamp="2014-10-29T09:51:27" hostname="i-bb14f38e" time="0.004">
  <properties/>
  <testcase name="greetResultInHello" classname="is.deltazedacreed.tictactoe.WorldTest" time="0.004"/>
  <system-out><![CDATA[]]></system-out>
  <system-err><![CDATA[]]></system-err>
</testsuite>
